INUM:        0 PC: 0x0000 REG: 0 VALUE: 0x000a
INUM:        1 PC: 0x0002 REG: 0 VALUE: 0x0a74
INUM:        2 PC: 0x0004 REG: 1 VALUE: 0xffd5
INUM:        3 PC: 0x0006 REG: 1 VALUE: 0xd556
INUM:        4 PC: 0x0008 REG: 2 VALUE: 0xff90
INUM:        5 PC: 0x000a REG: 2 VALUE: 0x9000
INUM:        6 PC: 0x000c REG: 3 VALUE: 0x0030
INUM:        7 PC: 0x000e REG: 3 VALUE: 0x30fd
INUM:        8 PC: 0x0010 REG: 4 VALUE: 0xffc0
INUM:        9 PC: 0x0012 REG: 4 VALUE: 0xc05d
INUM:       10 PC: 0x0014 REG: 5 VALUE: 0x0059
INUM:       11 PC: 0x0016 REG: 5 VALUE: 0x5992
INUM:       12 PC: 0x0018 REG: 6 VALUE: 0x0021
INUM:       13 PC: 0x001a REG: 6 VALUE: 0x2110
INUM:       14 PC: 0x001c REG: 7 VALUE: 0xfff3
INUM:       15 PC: 0x001e REG: 7 VALUE: 0xf327
INUM:       16 PC: 0x0020 REG: 6 VALUE: 0x0000
INUM:       17 PC: 0x0022 REG: 1 VALUE: 0x0000
INUM:       18 PC: 0x0024
INUM:       19 PC: 0x0026
INUM:       20 PC: 0x0028 REG: 7 VALUE: 0xf327
INUM:       21 PC: 0x002a REG: 5 VALUE: 0x9938
INUM:       22 PC: 0x002c REG: 7 VALUE: 0x0a75
INUM:       23 PC: 0x002e REG: 3 VALUE: 0x9930
INUM:       24 PC: 0x0030 REG: 6 VALUE: 0x3800
INUM:       25 PC: 0x0032 REG: 5 VALUE: 0x29d4
INUM:       26 PC: 0x0034 REG: 3 VALUE: 0x9930
INUM:       27 PC: 0x0036 REG: 4 VALUE: 0x0000 ADDR: 0x9936
INUM:       28 PC: 0x0038 REG: 5 VALUE: 0x0000
INUM:       29 PC: 0x003a REG: 1 VALUE: 0x0000
INUM:       30 PC: 0x003c REG: 0 VALUE: 0x0000
INUM:       31 PC: 0x003e
INUM:       32 PC: 0x0058 REG: 5 VALUE: 0x2d8b
INUM:       33 PC: 0x005a REG: 2 VALUE: 0x0001
INUM:       34 PC: 0x005c REG: 7 VALUE: 0x000a
INUM:       35 PC: 0x005e REG: 3 VALUE: 0x0200
INUM:       36 PC: 0x0060 REG: 6 VALUE: 0x0000
INUM:       37 PC: 0x0062 REG: 4 VALUE: 0x0200
INUM:       38 PC: 0x0064 REG: 1 VALUE: 0x62c0
INUM:       39 PC: 0x0066 REG: 5 VALUE: 0x2d8a
INUM:       40 PC: 0x0068 REG: 1 VALUE: 0x0000
INUM:       41 PC: 0x006a REG: 5 VALUE: 0x0000
INUM:       42 PC: 0x006c REG: 2 VALUE: 0x0200
INUM:       43 PC: 0x006e REG: 3 VALUE: 0x0000
INUM:       44 PC: 0x0070 REG: 2 VALUE: 0x0000
INUM:       45 PC: 0x0072 REG: 0 VALUE: 0xfe0a
INUM:       46 PC: 0x0074 REG: 6 VALUE: 0x0000
INUM:       47 PC: 0x0076 REG: 1 VALUE: 0x0002
INUM:       48 PC: 0x0078 REG: 6 VALUE: 0x0005
INUM:       49 PC: 0x007a REG: 5 VALUE: 0x0a00
INUM:       50 PC: 0x007c REG: 3 VALUE: 0x0000
INUM:       51 PC: 0x007e REG: 0 VALUE: 0x0000
INUM:       52 PC: 0x0080
INUM:       53 PC: 0x0082
INUM:       54 PC: 0x0088 REG: 2 VALUE: 0x0000
INUM:       55 PC: 0x008a ADDR: 0x000e VALUE: 0x000a
INUM:       56 PC: 0x008c REG: 0 VALUE: 0x0000
INUM:       57 PC: 0x008e REG: 6 VALUE: 0x0000
INUM:       58 PC: 0x0090 REG: 0 VALUE: 0x0000
INUM:       59 PC: 0x0092
INUM:       60 PC: 0x00a4 REG: 2 VALUE: 0x0c00
INUM:       61 PC: 0x00a6
INUM:       62 PC: 0x00a8 REG: 3 VALUE: 0x0000
INUM:       63 PC: 0x00aa REG: 0 VALUE: 0x9156 ADDR: 0x0006
INUM:       64 PC: 0x00ac REG: 0 VALUE: 0x0c06
INUM:       65 PC: 0x00ae REG: 0 VALUE: 0x0000
INUM:       66 PC: 0x00b0 REG: 5 VALUE: 0x0000
INUM:       67 PC: 0x00b2 REG: 1 VALUE: 0x0000
INUM:       68 PC: 0x00b4 REG: 1 VALUE: 0x0000
INUM:       69 PC: 0x00b6 REG: 4 VALUE: 0x0014
INUM:       70 PC: 0x00b8 REG: 1 VALUE: 0x0000
INUM:       71 PC: 0x00ba REG: 2 VALUE: 0x0000
INUM:       72 PC: 0x00bc
INUM:       73 PC: 0x00be
INUM:       74 PC: 0x00c0 REG: 0 VALUE: 0x0014
INUM:       75 PC: 0x00c2 REG: 5 VALUE: 0x0001
INUM:       76 PC: 0x00c4 REG: 6 VALUE: 0x0014
INUM:       77 PC: 0x00c6
INUM:       78 PC: 0x00c8 REG: 2 VALUE: 0x0000
INUM:       79 PC: 0x00ca REG: 2 VALUE: 0x0008 ADDR: 0x0008 VALUE: 0x0001
INUM:       80 PC: 0x00cc REG: 6 VALUE: 0x0000
INUM:       81 PC: 0x00ce REG: 5 VALUE: 0x0005
INUM:       82 PC: 0x00d0 REG: 3 VALUE: 0x0014
INUM:       83 PC: 0x00d2 REG: 5 VALUE: 0xfffb
INUM:       84 PC: 0x00d4 REG: 7 VALUE: 0x000a
INUM:       85 PC: 0x00d6 REG: 2 VALUE: 0xc4c0 ADDR: 0x0010
INUM:       86 PC: 0x00d8 REG: 6 VALUE: 0x000b
INUM:       87 PC: 0x00da REG: 5 VALUE: 0x0000
INUM:       88 PC: 0x00dc REG: 3 VALUE: 0x0000
INUM:       89 PC: 0x00de REG: 3 VALUE: 0x0000
INUM:       90 PC: 0x00e0 REG: 0 VALUE: 0xc4c0
INUM:       91 PC: 0x00e2 REG: 1 VALUE: 0x000a
INUM:       92 PC: 0x00e4 REG: 2 VALUE: 0xc4c0
INUM:       93 PC: 0x00e6 ADDR: 0xc4c8 VALUE: 0xc4c0
INUM:       94 PC: 0x00e8
INUM:       95 PC: 0x0102 REG: 5 VALUE: 0x0000
INUM:       96 PC: 0x0104 REG: 6 VALUE: 0x0000
INUM:       97 PC: 0x0106
INUM:       98 PC: 0x011c REG: 4 VALUE: 0x0000
INUM:       99 PC: 0x011e REG: 7 VALUE: 0x0000
INUM:      100 PC: 0x0120 REG: 0 VALUE: 0x2600
INUM:      101 PC: 0x0122 REG: 2 VALUE: 0x0001
INUM:      102 PC: 0x0124 REG: 0 VALUE: 0x8000
INUM:      103 PC: 0x0126 REG: 0 VALUE: 0x0000
INUM:      104 PC: 0x0128 REG: 4 VALUE: 0x0000
INUM:      105 PC: 0x012a
INUM:      106 PC: 0x012c REG: 0 VALUE: 0x0000
INUM:      107 PC: 0x012e ADDR: 0x000c VALUE: 0x0001
INUM:      108 PC: 0x0130 REG: 4 VALUE: 0x0000
INUM:      109 PC: 0x0132 REG: 2 VALUE: 0x0009
INUM:      110 PC: 0x0134 REG: 6 VALUE: 0x0000
INUM:      111 PC: 0x0136 REG: 4 VALUE: 0x0000
INUM:      112 PC: 0x0138 REG: 2 VALUE: 0x0000
INUM:      113 PC: 0x013a
INUM:      114 PC: 0x013c REG: 6 VALUE: 0x0000
INUM:      115 PC: 0x013e REG: 3 VALUE: 0x0000
INUM:      116 PC: 0x0140 REG: 5 VALUE: 0x000a
INUM:      117 PC: 0x0142 REG: 2 VALUE: 0x0000
INUM:      118 PC: 0x0144 REG: 1 VALUE: 0x0000
INUM:      119 PC: 0x0146 REG: 5 VALUE: 0x0000
INUM:      120 PC: 0x0148 REG: 6 VALUE: 0x0001
INUM:      121 PC: 0x014a REG: 3 VALUE: 0x0005
INUM:      122 PC: 0x014c REG: 7 VALUE: 0x0002
INUM:      123 PC: 0x014e REG: 7 VALUE: 0x000b
INUM:      124 PC: 0x0150 REG: 1 VALUE: 0x000b
INUM:      125 PC: 0x0152 REG: 0 VALUE: 0x0000
INUM:      126 PC: 0x0154 REG: 2 VALUE: 0x0016
INUM:      127 PC: 0x0156 REG: 4 VALUE: 0x0017
INUM:      128 PC: 0x0158 REG: 5 VALUE: 0x0000
INUM:      129 PC: 0x015a REG: 2 VALUE: 0x2000
INUM:      130 PC: 0x015c REG: 5 VALUE: 0x0000
INUM:      131 PC: 0x015e REG: 6 VALUE: 0x0000
INUM:      132 PC: 0x0160 REG: 0 VALUE: 0x0000
INUM:      133 PC: 0x0162 REG: 0 VALUE: 0x0000
INUM:      134 PC: 0x0164 REG: 0 VALUE: 0x000f
INUM:      135 PC: 0x0166 REG: 6 VALUE: 0x001e
INUM:      136 PC: 0x0168 REG: 1 VALUE: 0x000a
INUM:      137 PC: 0x016a REG: 7 VALUE: 0x0000
INUM:      138 PC: 0x016c
INUM:      139 PC: 0x0174 REG: 3 VALUE: 0x0000
INUM:      140 PC: 0x0176 REG: 5 VALUE: 0x0000
INUM:      141 PC: 0x0178
INUM:      142 PC: 0x017a
INUM:      143 PC: 0x017c REG: 3 VALUE: 0x0000
INUM:      144 PC: 0x017e REG: 0 VALUE: 0x9156 ADDR: 0x0006
INUM:      145 PC: 0x0180 REG: 7 VALUE: 0x0000
INUM:      146 PC: 0x0182 REG: 2 VALUE: 0x800b
INUM:      147 PC: 0x0184 REG: 4 VALUE: 0x0001
INUM:      148 PC: 0x0186 REG: 0 VALUE: 0x9156
INUM:      149 PC: 0x0188 REG: 5 VALUE: 0x0000
INUM:      150 PC: 0x018a REG: 5 VALUE: 0x0001
INUM:      151 PC: 0x018c REG: 0 VALUE: 0x0000
INUM:      152 PC: 0x018e REG: 2 VALUE: 0x8000
INUM:      153 PC: 0x0190 REG: 7 VALUE: 0x0001
INUM:      154 PC: 0x0192 REG: 2 VALUE: 0x0001
INUM:      155 PC: 0x0194 REG: 7 VALUE: 0x0002
INUM:      156 PC: 0x0196 REG: 3 VALUE: 0x0010
INUM:      157 PC: 0x0198 REG: 3 VALUE: 0x2800
INUM:      158 PC: 0x019a REG: 2 VALUE: 0x0000
INUM:      159 PC: 0x019c REG: 6 VALUE: 0x0001
INUM:      160 PC: 0x019e REG: 2 VALUE: 0x0001
INUM:      161 PC: 0x01a0 REG: 3 VALUE: 0x0000
INUM:      162 PC: 0x01a2 REG: 5 VALUE: 0x0000
INUM:      163 PC: 0x01a4 REG: 7 VALUE: 0x0001
INUM:      164 PC: 0x01a6
INUM:      165 PC: 0x01a8 REG: 6 VALUE: 0x0000
INUM:      166 PC: 0x01aa REG: 6 VALUE: 0x0006 ADDR: 0x0006 VALUE: 0x0000
INUM:      167 PC: 0x01ac REG: 3 VALUE: 0x000a
INUM:      168 PC: 0x01ae REG: 7 VALUE: 0x0000
INUM:      169 PC: 0x01b0 REG: 0 VALUE: 0x0007
INUM:      170 PC: 0x01b2 REG: 0 VALUE: 0x0004
INUM:      171 PC: 0x01b4 REG: 6 VALUE: 0x0003
INUM:      172 PC: 0x01b6
INUM:      173 PC: 0x01c6 REG: 3 VALUE: 0x0000
INUM:      174 PC: 0x01c8 REG: 1 VALUE: 0x0000
INUM:      175 PC: 0x01ca
INUM:      176 PC: 0x01e8 REG: 1 VALUE: 0x0001
INUM:      177 PC: 0x01ea REG: 1 VALUE: 0x0000
INUM:      178 PC: 0x01ec REG: 6 VALUE: 0x0000
INUM:      179 PC: 0x01ee REG: 0 VALUE: 0x0000
INUM:      180 PC: 0x01f0 REG: 5 VALUE: 0x0000
INUM:      181 PC: 0x01f2 REG: 6 VALUE: 0x0001 ADDR: 0x000c
INUM:      182 PC: 0x01f4 REG: 6 VALUE: 0x0001
INUM:      183 PC: 0x01f6
INUM:      184 PC: 0x01f8 REG: 4 VALUE: 0x0000
INUM:      185 PC: 0x01fa ADDR: 0x0000 VALUE: 0x0000
INUM:      186 PC: 0x01fc REG: 4 VALUE: 0x0000
INUM:      187 PC: 0x01fe REG: 6 VALUE: 0x0000
INUM:      188 PC: 0x0200 REG: 5 VALUE: 0x0000
INUM:      189 PC: 0x0202 ADDR: 0x0008 VALUE: 0x0000
INUM:      190 PC: 0x0204 REG: 7 VALUE: 0x0000
INUM:      191 PC: 0x0206 REG: 3 VALUE: 0x0000 ADDR: 0x0008
INUM:      192 PC: 0x0208 REG: 6 VALUE: 0x0001
INUM:      193 PC: 0x020a REG: 6 VALUE: 0x0101
INUM:      194 PC: 0x020c REG: 6 VALUE: 0x0000
INUM:      195 PC: 0x020e REG: 7 VALUE: 0x0000
INUM:      196 PC: 0x0210 REG: 4 VALUE: 0x0000
INUM:      197 PC: 0x0212 REG: 6 VALUE: 0x0007
INUM:      198 PC: 0x0214 REG: 0 VALUE: 0x0000
INUM:      199 PC: 0x0216 REG: 3 VALUE: 0x0000
INUM:      200 PC: 0x0218 REG: 2 VALUE: 0x0000
INUM:      201 PC: 0x021a REG: 5 VALUE: 0x0000
INUM:      202 PC: 0x021c
INUM:      203 PC: 0x021e
INUM:      204 PC: 0x023c REG: 1 VALUE: 0x0000
INUM:      205 PC: 0x023e REG: 2 VALUE: 0x0005
INUM:      206 PC: 0x0240 REG: 0 VALUE: 0x0000
INUM:      207 PC: 0x0242 REG: 1 VALUE: 0x0000
INUM:      208 PC: 0x0244 REG: 4 VALUE: 0x0008
INUM:      209 PC: 0x0246 REG: 6 VALUE: 0x0000
INUM:      210 PC: 0x0248 REG: 1 VALUE: 0x0001
INUM:      211 PC: 0x024a REG: 6 VALUE: 0x0000
INUM:      212 PC: 0x024c REG: 0 VALUE: 0x0009
INUM:      213 PC: 0x024e REG: 2 VALUE: 0x0000
INUM:      214 PC: 0x0250 REG: 2 VALUE: 0x000f
INUM:      215 PC: 0x0252 REG: 3 VALUE: 0x0000
INUM:      216 PC: 0x0254 REG: 7 VALUE: 0xfff1
INUM:      217 PC: 0x0256 REG: 2 VALUE: 0x0000
INUM:      218 PC: 0x0258 REG: 7 VALUE: 0x000e
INUM:      219 PC: 0x025a REG: 5 VALUE: 0x0009
INUM:      220 PC: 0x025c REG: 7 VALUE: 0x0001
INUM:      221 PC: 0x025e REG: 2 VALUE: 0x0001
INUM:      222 PC: 0x0260 REG: 5 VALUE: 0x0000
INUM:      223 PC: 0x0262 REG: 3 VALUE: 0x0000
INUM:      224 PC: 0x0264
INUM:      225 PC: 0x0266
INUM:      226 PC: 0x0268 REG: 0 VALUE: 0x0000
INUM:      227 PC: 0x026a REG: 3 VALUE: 0x0000
INUM:      228 PC: 0x026c REG: 2 VALUE: 0x0000
INUM:      229 PC: 0x026e ADDR: 0x000e VALUE: 0x0001
INUM:      230 PC: 0x0270 REG: 3 VALUE: 0x0000
INUM:      231 PC: 0x0272 REG: 5 VALUE: 0x0000
INUM:      232 PC: 0x0274 REG: 1 VALUE: 0x0000
INUM:      233 PC: 0x0276
INUM:      234 PC: 0x027c REG: 1 VALUE: 0x0000
INUM:      235 PC: 0x027e REG: 0 VALUE: 0x0000
INUM:      236 PC: 0x0280 REG: 7 VALUE: 0x0000
INUM:      237 PC: 0x0282
INUM:      238 PC: 0x0288
INUM:      239 PC: 0x0298 REG: 4 VALUE: 0x0000
INUM:      240 PC: 0x029a REG: 2 VALUE: 0x0000
INUM:      241 PC: 0x029c
INUM:      242 PC: 0x029e
INUM:      243 PC: 0x02ac REG: 5 VALUE: 0x0004
INUM:      244 PC: 0x02ae
INUM:      245 PC: 0x02b0 REG: 2 VALUE: 0x0000
INUM:      246 PC: 0x02b2 REG: 5 VALUE: 0x0001 ADDR: 0x000c
INUM:      247 PC: 0x02b4 REG: 1 VALUE: 0x0000
INUM:      248 PC: 0x02b6 REG: 0 VALUE: 0x0000
INUM:      249 PC: 0x02b8 REG: 1 VALUE: 0x0000
INUM:      250 PC: 0x02ba REG: 4 VALUE: 0x0001
INUM:      251 PC: 0x02bc REG: 4 VALUE: 0x0004
INUM:      252 PC: 0x02be REG: 6 VALUE: 0x0000
INUM:      253 PC: 0x02c0 REG: 2 VALUE: 0x0000
INUM:      254 PC: 0x02c2 REG: 5 VALUE: 0x0000
INUM:      255 PC: 0x02c4
INUM:      256 PC: 0x02c6
INUM:      257 PC: 0x02d4 REG: 0 VALUE: 0x0000
INUM:      258 PC: 0x02d6 REG: 4 VALUE: 0x0000
INUM:      259 PC: 0x02d8 REG: 4 VALUE: 0x0001
INUM:      260 PC: 0x02da REG: 2 VALUE: 0xffff
INUM:      261 PC: 0x02dc REG: 5 VALUE: 0x0000
INUM:      262 PC: 0x02de ADDR: 0x000e VALUE: 0xffff
INUM:      263 PC: 0x02e0 REG: 6 VALUE: 0x0000
INUM:      264 PC: 0x02e2 REG: 3 VALUE: 0xc1d5 ADDR: 0x0004
INUM:      265 PC: 0x02e4 REG: 1 VALUE: 0x0000
INUM:      266 PC: 0x02e6 REG: 6 VALUE: 0x0000
INUM:      267 PC: 0x02e8 REG: 5 VALUE: 0x0000
INUM:      268 PC: 0x02ea
INUM:      269 PC: 0x0308 REG: 0 VALUE: 0x0000
INUM:      270 PC: 0x030a REG: 0 VALUE: 0x0004 ADDR: 0x0004 VALUE: 0x0000
INUM:      271 PC: 0x030c REG: 0 VALUE: 0x0004
INUM:      272 PC: 0x030e ADDR: 0x0010 VALUE: 0xffff
INUM:      273 PC: 0x0310 REG: 0 VALUE: 0x0001
INUM:      274 PC: 0x0312
INUM:      275 PC: 0x0314 REG: 1 VALUE: 0x0000
INUM:      276 PC: 0x0316 REG: 1 VALUE: 0x000e ADDR: 0x000e VALUE: 0x0000
INUM:      277 PC: 0x0318 REG: 1 VALUE: 0x000e
INUM:      278 PC: 0x031a REG: 2 VALUE: 0x0000 ADDR: 0x000e
INUM:      279 PC: 0x031c REG: 5 VALUE: 0x0000
INUM:      280 PC: 0x031e ADDR: 0x0006 VALUE: 0x0000
INUM:      281 PC: 0x0320 REG: 0 VALUE: 0x0001
INUM:      282 PC: 0x0322 REG: 2 VALUE: 0x0000
INUM:      283 PC: 0x0324 REG: 2 VALUE: 0x0004
INUM:      284 PC: 0x0326 REG: 4 VALUE: 0x0000
INUM:      285 PC: 0x0328 REG: 2 VALUE: 0x0006
INUM:      286 PC: 0x032a REG: 7 VALUE: 0xc1d5
INUM:      287 PC: 0x032c REG: 4 VALUE: 0x0000
INUM:      288 PC: 0x032e REG: 7 VALUE: 0xc1d0
INUM:      289 PC: 0x0330 REG: 0 VALUE: 0x0107
INUM:      290 PC: 0x0332 REG: 5 VALUE: 0x0001
INUM:      291 PC: 0x0334 REG: 6 VALUE: 0x0000
INUM:      292 PC: 0x0336 REG: 2 VALUE: 0x0000
INUM:      293 PC: 0x0338 REG: 0 VALUE: 0x0106
INUM:      294 PC: 0x033a REG: 3 VALUE: 0xdbd9 ADDR: 0x0112
INUM:      295 PC: 0x033c REG: 6 VALUE: 0x0000
INUM:      296 PC: 0x033e REG: 4 VALUE: 0x0000
INUM:      297 PC: 0x0340
INUM:      298 PC: 0x0342
INUM:      299 PC: 0x0358 REG: 6 VALUE: 0x0000
INUM:      300 PC: 0x035a REG: 6 VALUE: 0x0000 ADDR: 0x0000 VALUE: 0x0000
INUM:      301 PC: 0x035c REG: 5 VALUE: 0x0000
INUM:      302 PC: 0x035e REG: 6 VALUE: 0x0000
INUM:      303 PC: 0x0360 REG: 1 VALUE: 0x0009
INUM:      304 PC: 0x0362 REG: 0 VALUE: 0x0000
INUM:      305 PC: 0x0364 REG: 2 VALUE: 0x0008
INUM:      306 PC: 0x0366 REG: 4 VALUE: 0x000f
INUM:      307 PC: 0x0368 REG: 7 VALUE: 0x0000
INUM:      308 PC: 0x036a REG: 1 VALUE: 0x0000
INUM:      309 PC: 0x036c REG: 1 VALUE: 0xb3b7
INUM:      310 PC: 0x036e REG: 5 VALUE: 0x0000
INUM:      311 PC: 0x0370 REG: 4 VALUE: 0x0000
INUM:      312 PC: 0x0372
INUM:      313 PC: 0x0380 REG: 2 VALUE: 0xedec
INUM:      314 PC: 0x0382 REG: 0 VALUE: 0x0000
INUM:      315 PC: 0x0384 REG: 2 VALUE: 0x000e
INUM:      316 PC: 0x0386 REG: 0 VALUE: 0x0004
INUM:      317 PC: 0x0388 REG: 0 VALUE: 0x040d
INUM:      318 PC: 0x038a REG: 4 VALUE: 0x0009
INUM:      319 PC: 0x038c REG: 5 VALUE: 0x000c
INUM:      320 PC: 0x038e REG: 3 VALUE: 0x0000
INUM:      321 PC: 0x0390 REG: 6 VALUE: 0x0000
INUM:      322 PC: 0x0392
INUM:      323 PC: 0x0394 REG: 7 VALUE: 0x0000
INUM:      324 PC: 0x0396 REG: 7 VALUE: 0x000c ADDR: 0x000c VALUE: 0x0000
INUM:      325 PC: 0x0398 REG: 3 VALUE: 0xb3b3
INUM:      326 PC: 0x039a REG: 4 VALUE: 0x0001
INUM:      327 PC: 0x039c REG: 5 VALUE: 0x0001
INUM:      328 PC: 0x039e REG: 5 VALUE: 0x0000
INUM:      329 PC: 0x03a0 REG: 2 VALUE: 0x0000
INUM:      330 PC: 0x03a2 REG: 3 VALUE: 0x0000
INUM:      331 PC: 0x03a4 REG: 6 VALUE: 0xb3b7
INUM:      332 PC: 0x03a6 REG: 1 VALUE: 0x676f
INUM:      333 PC: 0x03a8 REG: 0 VALUE: 0x8206
INUM:      334 PC: 0x03aa REG: 4 VALUE: 0x0006
INUM:      335 PC: 0x03ac REG: 2 VALUE: 0x0000
INUM:      336 PC: 0x03ae REG: 4 VALUE: 0x0300
INUM:      337 PC: 0x03b0 REG: 0 VALUE: 0x000f
INUM:      338 PC: 0x03b2 REG: 3 VALUE: 0x000d
INUM:      339 PC: 0x03b4 REG: 2 VALUE: 0x0001
INUM:      340 PC: 0x03b6 REG: 1 VALUE: 0x000f
INUM:      341 PC: 0x03b8 REG: 0 VALUE: 0x8000
INUM:      342 PC: 0x03ba REG: 6 VALUE: 0x0400
INUM:      343 PC: 0x03bc REG: 0 VALUE: 0x0000
INUM:      344 PC: 0x03be REG: 6 VALUE: 0x0000
INUM:      345 PC: 0x03c0 REG: 3 VALUE: 0x0000
INUM:      346 PC: 0x03c2 REG: 1 VALUE: 0x0001
INUM:      347 PC: 0x03c4 REG: 2 VALUE: 0x0000
INUM:      348 PC: 0x03c6 REG: 4 VALUE: 0x0000
INUM:      349 PC: 0x03c8 REG: 5 VALUE: 0x0000
INUM:      350 PC: 0x03ca
INUM:      351 PC: 0x03cc REG: 1 VALUE: 0x0000
INUM:      352 PC: 0x03ce REG: 5 VALUE: 0x0000
INUM:      353 PC: 0x03d0 REG: 3 VALUE: 0x0001
INUM:      354 PC: 0x03d2 REG: 3 VALUE: 0x0001
INUM:      355 PC: 0x03d4 REG: 0 VALUE: 0x0000
INUM:      356 PC: 0x03d6 REG: 7 VALUE: 0x0000
INUM:      357 PC: 0x03d8 REG: 3 VALUE: 0x0000
INUM:      358 PC: 0x03da REG: 2 VALUE: 0x0000
INUM:      359 PC: 0x03dc REG: 4 VALUE: 0x0000
INUM:      360 PC: 0x03de REG: 4 VALUE: 0x0000
INUM:      361 PC: 0x03e0 REG: 7 VALUE: 0x0000
INUM:      362 PC: 0x03e2 REG: 2 VALUE: 0x0000 ADDR: 0x000c
INUM:      363 PC: 0x03e4 REG: 4 VALUE: 0x0000
INUM:      364 PC: 0x03e6 REG: 0 VALUE: 0x0000
INUM:      365 PC: 0x03e8 REG: 7 VALUE: 0x0000
INUM:      366 PC: 0x03ea REG: 7 VALUE: 0x0000
INUM:      367 PC: 0x03ec REG: 1 VALUE: 0x0000
INUM:      368 PC: 0x03ee REG: 3 VALUE: 0x0009
INUM:      369 PC: 0x03f0 REG: 5 VALUE: 0x0002
INUM:      370 PC: 0x03f2 REG: 4 VALUE: 0x0002
INUM:      371 PC: 0x03f4 REG: 6 VALUE: 0x0007
INUM:      372 PC: 0x03f6
INUM:      373 PC: 0x0412 REG: 6 VALUE: 0x0002
INUM:      374 PC: 0x0414
INUM:      375 PC: 0x0430 REG: 7 VALUE: 0x0000
INUM:      376 PC: 0x0432 REG: 5 VALUE: 0x0000
INUM:      377 PC: 0x0434 REG: 3 VALUE: 0x0000
INUM:      378 PC: 0x0436
INUM:      379 PC: 0x043c REG: 4 VALUE: 0x0001
INUM:      380 PC: 0x043e
INUM:      381 PC: 0x0440 REG: 7 VALUE: 0x0000
INUM:      382 PC: 0x0442 ADDR: 0x0008 VALUE: 0x0000
INUM:      383 PC: 0x0444 REG: 6 VALUE: 0x0000
INUM:      384 PC: 0x0446
INUM:      385 PC: 0x045e REG: 0 VALUE: 0x0000
INUM:      386 PC: 0x0460 REG: 5 VALUE: 0x0000
INUM:      387 PC: 0x0462 REG: 6 VALUE: 0x0000
INUM:      388 PC: 0x0464
INUM:      389 PC: 0x0466
INUM:      390 PC: 0x0480 REG: 2 VALUE: 0x0000
INUM:      391 PC: 0x0482 REG: 1 VALUE: 0x0000
INUM:      392 PC: 0x0484 REG: 2 VALUE: 0x0000
INUM:      393 PC: 0x0486
INUM:      394 PC: 0x0488 REG: 5 VALUE: 0x0000
INUM:      395 PC: 0x048a REG: 2 VALUE: 0x9200 ADDR: 0x000a
INUM:      396 PC: 0x048c REG: 3 VALUE: 0x0000
INUM:      397 PC: 0x048e REG: 1 VALUE: 0x0004
INUM:      398 PC: 0x0490 REG: 7 VALUE: 0x4802
INUM:      399 PC: 0x0492 REG: 3 VALUE: 0x0000
INUM:      400 PC: 0x0494 REG: 4 VALUE: 0x000d
INUM:      401 PC: 0x0496
INUM:      402 PC: 0x0498 REG: 0 VALUE: 0x0000
INUM:      403 PC: 0x049a REG: 0 VALUE: 0x0006 ADDR: 0x0006 VALUE: 0x0000
INUM:      404 PC: 0x049c REG: 3 VALUE: 0x0000
INUM:      405 PC: 0x049e REG: 7 VALUE: 0x0000 ADDR: 0x0008
INUM:      406 PC: 0x04a0 REG: 3 VALUE: 0x0000
INUM:      407 PC: 0x04a2 ADDR: 0x000a VALUE: 0x0006
INUM:      408 PC: 0x04a4 REG: 6 VALUE: 0x0006
INUM:      409 PC: 0x04a6 REG: 4 VALUE: 0x000d
INUM:      410 PC: 0x04a8 REG: 3 VALUE: 0x9203
INUM:      411 PC: 0x04aa REG: 4 VALUE: 0x0009
INUM:      412 PC: 0x04ac
INUM:      413 PC: 0x04b2
INUM:      414 PC: 0x04c2 REG: 5 VALUE: 0x0000
INUM:      415 PC: 0x04c4 REG: 4 VALUE: 0x0000
INUM:      416 PC: 0x04c6
INUM:      417 PC: 0x04d4 REG: 0 VALUE: 0x0006
INUM:      418 PC: 0x04d6 REG: 0 VALUE: 0x000e ADDR: 0x000e VALUE: 0x0006
INUM:      419 PC: 0x04d8 REG: 3 VALUE: 0x0001
INUM:      420 PC: 0x04da REG: 5 VALUE: 0x0006
INUM:      421 PC: 0x04dc REG: 1 VALUE: 0x0000
INUM:      422 PC: 0x04de
INUM:      423 PC: 0x04e0 REG: 3 VALUE: 0x0000
INUM:      424 PC: 0x04e2 ADDR: 0x0008 VALUE: 0x9200
INUM:      425 PC: 0x04e4 REG: 1 VALUE: 0x000a
INUM:      426 PC: 0x04e6 REG: 4 VALUE: 0x5000
INUM:      427 PC: 0x04e8 REG: 6 VALUE: 0x9200
INUM:      428 PC: 0x04ea REG: 3 VALUE: 0x500a
INUM:      429 PC: 0x04ec
INUM:      430 PC: 0x04f2 REG: 0 VALUE: 0x0014
INUM:      431 PC: 0x04f4 REG: 6 VALUE: 0x0180
INUM:      432 PC: 0x04f6 REG: 2 VALUE: 0x9200
INUM:      433 PC: 0x04f8 REG: 3 VALUE: 0x0003
INUM:      434 PC: 0x04fa REG: 3 VALUE: 0x0000
INUM:      435 PC: 0x04fc REG: 3 VALUE: 0x0000
INUM:      436 PC: 0x04fe REG: 0 VALUE: 0x0000
INUM:      437 PC: 0x0500 REG: 3 VALUE: 0x0000
INUM:      438 PC: 0x0502
INUM:      439 PC: 0x0510 REG: 3 VALUE: 0x0180
INUM:      440 PC: 0x0512 REG: 7 VALUE: 0x3000
INUM:      441 PC: 0x0514 REG: 2 VALUE: 0x000c
INUM:      442 PC: 0x0516 REG: 2 VALUE: 0x0183
INUM:      443 PC: 0x0518 REG: 0 VALUE: 0x0000
INUM:      444 PC: 0x051a ADDR: 0x000c VALUE: 0x0000
INUM:      445 PC: 0x051c REG: 1 VALUE: 0x0006
INUM:      446 PC: 0x051e REG: 7 VALUE: 0x8001
INUM:      447 PC: 0x0520 REG: 6 VALUE: 0x0006
INUM:      448 PC: 0x0522 REG: 7 VALUE: 0x0000
INUM:      449 PC: 0x0524 REG: 6 VALUE: 0x0000
INUM:      450 PC: 0x0526
INUM:      451 PC: 0x0528 REG: 4 VALUE: 0xfe7d
INUM:      452 PC: 0x052a
INUM:      453 PC: 0x052c REG: 1 VALUE: 0x0006
INUM:      454 PC: 0x052e ADDR: 0x0010 VALUE: 0x0000
INUM:      455 PC: 0x0530 REG: 2 VALUE: 0x0000
INUM:      456 PC: 0x0532
INUM:      457 PC: 0x0546 REG: 0 VALUE: 0x0000
INUM:      458 PC: 0x0548 REG: 2 VALUE: 0x0000
INUM:      459 PC: 0x054a
INUM:      460 PC: 0x0564 REG: 2 VALUE: 0x0000
INUM:      461 PC: 0x0566 REG: 4 VALUE: 0x0000
INUM:      462 PC: 0x0568 REG: 0 VALUE: 0x0000
INUM:      463 PC: 0x056a
INUM:      464 PC: 0x056c REG: 4 VALUE: 0x0000
INUM:      465 PC: 0x056e ADDR: 0x0008 VALUE: 0x0000
INUM:      466 PC: 0x0570 REG: 0 VALUE: 0x0004
INUM:      467 PC: 0x0572 REG: 6 VALUE: 0x0000
INUM:      468 PC: 0x0574 REG: 7 VALUE: 0x0184
INUM:      469 PC: 0x0576 REG: 4 VALUE: 0x0007
INUM:      470 PC: 0x0578 REG: 7 VALUE: 0x0000
INUM:      471 PC: 0x057a REG: 2 VALUE: 0x0000
INUM:      472 PC: 0x057c REG: 6 VALUE: 0x0000
INUM:      473 PC: 0x057e REG: 2 VALUE: 0x0000
INUM:      474 PC: 0x0580 REG: 0 VALUE: 0xc000
INUM:      475 PC: 0x0582 REG: 0 VALUE: 0x0000
INUM:      476 PC: 0x0584 REG: 1 VALUE: 0x0180
INUM:      477 PC: 0x0586 REG: 0 VALUE: 0x018c
INUM:      478 PC: 0x0588 REG: 2 VALUE: 0x0000
INUM:      479 PC: 0x058a REG: 2 VALUE: 0x000e ADDR: 0x000e VALUE: 0x0007
INUM:      480 PC: 0x058c REG: 6 VALUE: 0xc000
INUM:      481 PC: 0x058e REG: 5 VALUE: 0x0000
INUM:      482 PC: 0x0590 REG: 2 VALUE: 0x0000
INUM:      483 PC: 0x0592
INUM:      484 PC: 0x0594 REG: 0 VALUE: 0x0007
INUM:      485 PC: 0x0596 REG: 2 VALUE: 0x0180
INUM:      486 PC: 0x0598 REG: 1 VALUE: 0xc00b
INUM:      487 PC: 0x059a REG: 1 VALUE: 0xc000
INUM:      488 PC: 0x059c REG: 6 VALUE: 0xc000
INUM:      489 PC: 0x059e REG: 4 VALUE: 0x0183
INUM:      490 PC: 0x05a0 REG: 4 VALUE: 0x0183
INUM:      491 PC: 0x05a2 REG: 1 VALUE: 0x0185
INUM:      492 PC: 0x05a4 REG: 6 VALUE: 0x4000
INUM:      493 PC: 0x05a6 REG: 0 VALUE: 0x0001
INUM:      494 PC: 0x05a8 REG: 3 VALUE: 0x0010
INUM:      495 PC: 0x05aa REG: 1 VALUE: 0x0000
INUM:      496 PC: 0x05ac REG: 4 VALUE: 0x0000
INUM:      497 PC: 0x05ae REG: 2 VALUE: 0x0000
INUM:      498 PC: 0x05b0 REG: 4 VALUE: 0x000e
INUM:      499 PC: 0x05b2 REG: 3 VALUE: 0x0001
INUM:      500 PC: 0x05b4 REG: 5 VALUE: 0x0000
INUM:      501 PC: 0x05b6 REG: 5 VALUE: 0x0008 ADDR: 0x0008 VALUE: 0x0000
INUM:      502 PC: 0x05b8 REG: 7 VALUE: 0x0001
INUM:      503 PC: 0x05ba REG: 3 VALUE: 0x0008
INUM:      504 PC: 0x05bc REG: 2 VALUE: 0x0001
INUM:      505 PC: 0x05be REG: 6 VALUE: 0x3ff8
INUM:      506 PC: 0x05c0 REG: 0 VALUE: 0x0009
INUM:      507 PC: 0x05c2 REG: 4 VALUE: 0x0009
INUM:      508 PC: 0x05c4 REG: 3 VALUE: 0x0001
INUM:      509 PC: 0x05c6 REG: 6 VALUE: 0x0000
INUM:      510 PC: 0x05c8 REG: 2 VALUE: 0x0000
INUM:      511 PC: 0x05ca
INUM:      512 PC: 0x05cc REG: 0 VALUE: 0x0001
INUM:      513 PC: 0x05ce REG: 1 VALUE: 0x0000
INUM:      514 PC: 0x05d0 REG: 1 VALUE: 0x0004
INUM:      515 PC: 0x05d2 REG: 6 VALUE: 0x0000
INUM:      516 PC: 0x05d4 REG: 1 VALUE: 0x0040
INUM:      517 PC: 0x05d6 REG: 7 VALUE: 0x0000
INUM:      518 PC: 0x05d8 REG: 1 VALUE: 0x000d
INUM:      519 PC: 0x05da REG: 0 VALUE: 0x0000
INUM:      520 PC: 0x05dc REG: 2 VALUE: 0x0000
INUM:      521 PC: 0x05de REG: 6 VALUE: 0x000b
INUM:      522 PC: 0x05e0 REG: 7 VALUE: 0x0480
INUM:      523 PC: 0x05e2 REG: 6 VALUE: 0x0480
INUM:      524 PC: 0x05e4 REG: 7 VALUE: 0x0000
INUM:      525 PC: 0x05e6 REG: 2 VALUE: 0x0001
INUM:      526 PC: 0x05e8 REG: 2 VALUE: 0x0000
INUM:      527 PC: 0x05ea REG: 6 VALUE: 0x0000 ADDR: 0x0000
INUM:      528 PC: 0x05ec REG: 7 VALUE: 0x0000
INUM:      529 PC: 0x05ee
INUM:      530 PC: 0x0606 REG: 6 VALUE: 0x0000
INUM:      531 PC: 0x0608 REG: 0 VALUE: 0x0000
INUM:      532 PC: 0x060a
INUM:      533 PC: 0x061c REG: 6 VALUE: 0x0009
INUM:      534 PC: 0x061e REG: 5 VALUE: 0x0000
INUM:      535 PC: 0x0620 REG: 1 VALUE: 0x000c
INUM:      536 PC: 0x0622 REG: 4 VALUE: 0xc559 ADDR: 0x0014
INUM:      537 PC: 0x0624 REG: 3 VALUE: 0x0001
INUM:      538 PC: 0x0626 REG: 4 VALUE: 0x0000
INUM:      539 PC: 0x0628 REG: 5 VALUE: 0x0000
INUM:      540 PC: 0x062a REG: 4 VALUE: 0x0007
INUM:      541 PC: 0x062c REG: 7 VALUE: 0x0000
INUM:      542 PC: 0x062e REG: 2 VALUE: 0x0000
INUM:      543 PC: 0x0630 REG: 3 VALUE: 0x0000
INUM:      544 PC: 0x0632
INUM:      545 PC: 0x063c REG: 6 VALUE: 0x0000
INUM:      546 PC: 0x063e REG: 4 VALUE: 0x0000
INUM:      547 PC: 0x0640 REG: 2 VALUE: 0x0000
INUM:      548 PC: 0x0642 REG: 4 VALUE: 0x0007
INUM:      549 PC: 0x0644 REG: 7 VALUE: 0x0000
INUM:      550 PC: 0x0646 REG: 1 VALUE: 0x0000
INUM:      551 PC: 0x0648
INUM:      552 PC: 0x064a
INUM:      553 PC: 0x0660 REG: 2 VALUE: 0x0000
INUM:      554 PC: 0x0662 REG: 0 VALUE: 0x0007
INUM:      555 PC: 0x0664 REG: 5 VALUE: 0x0006
INUM:      556 PC: 0x0666
INUM:      557 PC: 0x0668 REG: 4 VALUE: 0x0006
INUM:      558 PC: 0x066a REG: 3 VALUE: 0x0000 ADDR: 0x0010
INUM:      559 PC: 0x066c REG: 3 VALUE: 0x0006
INUM:      560 PC: 0x066e
INUM:      561 PC: 0x0670 REG: 4 VALUE: 0x0006
INUM:      562 PC: 0x0672 ADDR: 0x0014 VALUE: 0x0000
INUM:      563 PC: 0x0674 REG: 7 VALUE: 0x0000
INUM:      564 PC: 0x0676 REG: 5 VALUE: 0x060f
INUM:      565 PC: 0x0678 REG: 3 VALUE: 0x0006
INUM:      566 PC: 0x067a REG: 1 VALUE: 0x0000 ADDR: 0x0010
INUM:      567 PC: 0x067c REG: 0 VALUE: 0x0000
INUM:      568 PC: 0x067e REG: 0 VALUE: 0x000b
INUM:      569 PC: 0x0680 REG: 1 VALUE: 0x0001
INUM:      570 PC: 0x0682 REG: 3 VALUE: 0x0000
INUM:      571 PC: 0x0684 REG: 1 VALUE: 0x0000
INUM:      572 PC: 0x0686
INUM:      573 PC: 0x0694 REG: 7 VALUE: 0x000f
INUM:      574 PC: 0x0696 REG: 5 VALUE: 0x00c0
INUM:      575 PC: 0x0698 REG: 4 VALUE: 0x0000
INUM:      576 PC: 0x069a REG: 3 VALUE: 0xfff9
INUM:      577 PC: 0x069c REG: 4 VALUE: 0x000f
INUM:      578 PC: 0x069e REG: 0 VALUE: 0x0003
INUM:      579 PC: 0x06a0 REG: 7 VALUE: 0x0000
INUM:      580 PC: 0x06a2 REG: 1 VALUE: 0x0005
INUM:      581 PC: 0x06a4 REG: 4 VALUE: 0x0002
INUM:      582 PC: 0x06a6 REG: 5 VALUE: 0x0000
INUM:      583 PC: 0x06a8 REG: 5 VALUE: 0x0000
INUM:      584 PC: 0x06aa
INUM:      585 PC: 0x06c4 REG: 4 VALUE: 0x0002
INUM:      586 PC: 0x06c6 REG: 4 VALUE: 0x0010 ADDR: 0x0010 VALUE: 0x0002
INUM:      587 PC: 0x06c8 REG: 0 VALUE: 0x000b
INUM:      588 PC: 0x06ca REG: 6 VALUE: 0x0000
INUM:      589 PC: 0x06cc REG: 6 VALUE: 0x0009
INUM:      590 PC: 0x06ce REG: 4 VALUE: 0x0001
INUM:      591 PC: 0x06d0 REG: 6 VALUE: 0x0000
INUM:      592 PC: 0x06d2 REG: 0 VALUE: 0x0000
INUM:      593 PC: 0x06d4 REG: 6 VALUE: 0x0000
INUM:      594 PC: 0x06d6 REG: 0 VALUE: 0x0000 ADDR: 0x0000
INUM:      595 PC: 0x06d8 REG: 4 VALUE: 0xfff3
INUM:      596 PC: 0x06da REG: 2 VALUE: 0x0000
INUM:      597 PC: 0x06dc REG: 5 VALUE: 0xfff2
INUM:      598 PC: 0x06de REG: 1 VALUE: 0xfff3
INUM:      599 PC: 0x06e0 REG: 2 VALUE: 0x1fff
INUM:      600 PC: 0x06e2 REG: 6 VALUE: 0x000d
INUM:      601 PC: 0x06e4 REG: 3 VALUE: 0x0000
INUM:      602 PC: 0x06e6 REG: 5 VALUE: 0x0000
INUM:      603 PC: 0x06e8
INUM:      604 PC: 0x06ea
INUM:      605 PC: 0x06ec REG: 7 VALUE: 0x0000
INUM:      606 PC: 0x06ee REG: 5 VALUE: 0x0000
INUM:      607 PC: 0x06f0 REG: 6 VALUE: 0x000c
INUM:      608 PC: 0x06f2 ADDR: 0x000c VALUE: 0x0000
INUM:      609 PC: 0x06f4 REG: 5 VALUE: 0x0000
INUM:      610 PC: 0x06f6 REG: 5 VALUE: 0xfff3
INUM:      611 PC: 0x06f8 REG: 7 VALUE: 0x0005
INUM:      612 PC: 0x06fa REG: 1 VALUE: 0xf302
INUM:      613 PC: 0x06fc REG: 0 VALUE: 0x9fff
INUM:      614 PC: 0x06fe
INUM:      615 PC: 0x0700 REG: 4 VALUE: 0xfff2
INUM:      616 PC: 0x0702 ADDR: 0x0000 VALUE: 0x0000
INUM:      617 PC: 0x0704 REG: 1 VALUE: 0x1ffa
INUM:      618 PC: 0x0706 REG: 1 VALUE: 0x0019
INUM:      619 PC: 0x0708 REG: 0 VALUE: 0x000c
INUM:      620 PC: 0x070a
INUM:      621 PC: 0x070c REG: 7 VALUE: 0x0004
INUM:      622 PC: 0x070e REG: 7 VALUE: 0x0010 ADDR: 0x0010 VALUE: 0x0000
INUM:      623 PC: 0x0710 REG: 6 VALUE: 0x000c
INUM:      624 PC: 0x0712 REG: 2 VALUE: 0xe01a
INUM:      625 PC: 0x0714 REG: 5 VALUE: 0x0005
INUM:      626 PC: 0x0716
INUM:      627 PC: 0x0718 REG: 5 VALUE: 0x0004
INUM:      628 PC: 0x071a REG: 5 VALUE: 0x0010 ADDR: 0x0010 VALUE: 0x0019
INUM:      629 PC: 0x071c REG: 0 VALUE: 0x3000
INUM:      630 PC: 0x071e
INUM:      631 PC: 0x0720 REG: 5 VALUE: 0x0010
INUM:      632 PC: 0x0722 ADDR: 0x0010 VALUE: 0x0019
INUM:      633 PC: 0x0724 REG: 7 VALUE: 0x0000
INUM:      634 PC: 0x0726 REG: 6 VALUE: 0x0000
INUM:      635 PC: 0x0728 REG: 1 VALUE: 0x0000
INUM:      636 PC: 0x072a REG: 1 VALUE: 0x0000
INUM:      637 PC: 0x072c
INUM:      638 PC: 0x072e
INUM:      639 PC: 0x0738 REG: 1 VALUE: 0x0000
INUM:      640 PC: 0x073a REG: 0 VALUE: 0x0000
INUM:      641 PC: 0x073c REG: 6 VALUE: 0x0018
INUM:      642 PC: 0x073e REG: 6 VALUE: 0x0000
INUM:      643 PC: 0x0740 REG: 0 VALUE: 0x0010
INUM:      644 PC: 0x0742
INUM:      645 PC: 0x075a REG: 5 VALUE: 0x0000
INUM:      646 PC: 0x075c REG: 1 VALUE: 0x0000
INUM:      647 PC: 0x075e
INUM:      648 PC: 0x0760 REG: 0 VALUE: 0x0001
INUM:      649 PC: 0x0762 REG: 0 VALUE: 0x0000
INUM:      650 PC: 0x0764 REG: 2 VALUE: 0x0000
INUM:      651 PC: 0x0766 REG: 5 VALUE: 0x0017
INUM:      652 PC: 0x0768 REG: 3 VALUE: 0x0000
INUM:      653 PC: 0x076a REG: 7 VALUE: 0x0000
INUM:      654 PC: 0x076c REG: 6 VALUE: 0x0017
INUM:      655 PC: 0x076e REG: 2 VALUE: 0x000f
INUM:      656 PC: 0x0770 REG: 5 VALUE: 0xfff3
INUM:      657 PC: 0x0772 REG: 3 VALUE: 0x0001
INUM:      658 PC: 0x0774 REG: 7 VALUE: 0x0000
INUM:      659 PC: 0x0776 REG: 2 VALUE: 0xfff2
INUM:      660 PC: 0x0778 REG: 6 VALUE: 0x0000
INUM:      661 PC: 0x077a REG: 2 VALUE: 0xf206
INUM:      662 PC: 0x077c REG: 2 VALUE: 0xfff2
INUM:      663 PC: 0x077e REG: 1 VALUE: 0x000e
INUM:      664 PC: 0x0780 REG: 4 VALUE: 0x000d
INUM:      665 PC: 0x0782 REG: 4 VALUE: 0xffe6
INUM:      666 PC: 0x0784 REG: 1 VALUE: 0x0001
INUM:      667 PC: 0x0786 REG: 6 VALUE: 0xfff2
INUM:      668 PC: 0x0788 REG: 5 VALUE: 0x0000
INUM:      669 PC: 0x078a REG: 4 VALUE: 0x0000
INUM:      670 PC: 0x078c REG: 7 VALUE: 0x0000
INUM:      671 PC: 0x078e REG: 3 VALUE: 0x010c
INUM:      672 PC: 0x0790 REG: 0 VALUE: 0xfff2
INUM:      673 PC: 0x0792 REG: 1 VALUE: 0x0000
INUM:      674 PC: 0x0794 REG: 2 VALUE: 0x0000
INUM:      675 PC: 0x0796
INUM:      676 PC: 0x07a8 REG: 2 VALUE: 0xfee6
INUM:      677 PC: 0x07aa REG: 1 VALUE: 0x0000
INUM:      678 PC: 0x07ac REG: 5 VALUE: 0x0010
INUM:      679 PC: 0x07ae REG: 6 VALUE: 0x0000
INUM:      680 PC: 0x07b0 REG: 1 VALUE: 0x0000
INUM:      681 PC: 0x07b2 REG: 3 VALUE: 0x0000
INUM:      682 PC: 0x07b4 REG: 7 VALUE: 0xfff2
INUM:      683 PC: 0x07b6 REG: 1 VALUE: 0x0000
INUM:      684 PC: 0x07b8 REG: 1 VALUE: 0x0004
INUM:      685 PC: 0x07ba REG: 4 VALUE: 0xfcbf
INUM:      686 PC: 0x07bc REG: 1 VALUE: 0xfcaf
INUM:      687 PC: 0x07be REG: 4 VALUE: 0x0000
INUM:      688 PC: 0x07c0 REG: 5 VALUE: 0x0000
INUM:      689 PC: 0x07c2 REG: 7 VALUE: 0x0000
INUM:      690 PC: 0x07c4
INUM:      691 PC: 0x07c6
INUM:      692 PC: 0x07c8 REG: 2 VALUE: 0x0002
INUM:      693 PC: 0x07ca REG: 6 VALUE: 0x0000
INUM:      694 PC: 0x07cc REG: 5 VALUE: 0x000f
INUM:      695 PC: 0x07ce
INUM:      696 PC: 0x07d0 REG: 6 VALUE: 0x0000
INUM:      697 PC: 0x07d2 ADDR: 0x0004 VALUE: 0xfff2
INUM:      698 PC: 0x07d4 REG: 4 VALUE: 0x0000
INUM:      699 PC: 0x07d6 REG: 4 VALUE: 0x0000
INUM:      700 PC: 0x07d8 REG: 1 VALUE: 0xaf0b
INUM:      701 PC: 0x07da
INUM:      702 PC: 0x07dc REG: 0 VALUE: 0xfff2
INUM:      703 PC: 0x07de REG: 2 VALUE: 0x0000 ADDR: 0xfff4
INUM:      704 PC: 0x07e0 REG: 1 VALUE: 0x0000
INUM:      705 PC: 0x07e2 REG: 1 VALUE: 0x0008
INUM:      706 PC: 0x07e4 REG: 5 VALUE: 0xfff0
INUM:      707 PC: 0x07e6 REG: 4 VALUE: 0xfffd
INUM:      708 PC: 0x07e8 REG: 7 VALUE: 0x0000
INUM:      709 PC: 0x07ea REG: 7 VALUE: 0x0000
INUM:      710 PC: 0x07ec REG: 7 VALUE: 0x0000
INUM:      711 PC: 0x07ee REG: 1 VALUE: 0x0000
INUM:      712 PC: 0x07f0 REG: 5 VALUE: 0xfff0
INUM:      713 PC: 0x07f2 ADDR: 0xfff8 VALUE: 0x0000
INUM:      714 PC: 0x07f4 REG: 4 VALUE: 0x0000
INUM:      715 PC: 0x07f6 REG: 4 VALUE: 0x0000
INUM:      716 PC: 0x07f8 REG: 4 VALUE: 0x0000
INUM:      717 PC: 0x07fa REG: 4 VALUE: 0x0000
INUM:      718 PC: 0x07fc REG: 7 VALUE: 0xfff0
INUM:      719 PC: 0x07fe REG: 1 VALUE: 0x0000
INUM:      720 PC: 0x0800 REG: 1 VALUE: 0xfffd
INUM:      721 PC: 0x0802
INUM:      722 PC: 0x0822 REG: 7 VALUE: 0x3ffc
INUM:      723 PC: 0x0824 REG: 3 VALUE: 0x0000
INUM:      724 PC: 0x0826 REG: 1 VALUE: 0x0000
INUM:      725 PC: 0x0828
INUM:      726 PC: 0x082a
INUM:      727 PC: 0x082c REG: 3 VALUE: 0x0000
INUM:      728 PC: 0x082e REG: 3 VALUE: 0x0000 ADDR: 0x0000 VALUE: 0x0000
INUM:      729 PC: 0x0830 REG: 6 VALUE: 0x0000
INUM:      730 PC: 0x0832 REG: 5 VALUE: 0x0000
INUM:      731 PC: 0x0834 REG: 7 VALUE: 0x0001
INUM:      732 PC: 0x0836 REG: 5 VALUE: 0x0000
INUM:      733 PC: 0x0838 REG: 5 VALUE: 0x0000
INUM:      734 PC: 0x083a
INUM:      735 PC: 0x083c REG: 6 VALUE: 0x0000
INUM:      736 PC: 0x083e REG: 7 VALUE: 0x0006 ADDR: 0x000a
INUM:      737 PC: 0x0840 REG: 4 VALUE: 0x0001
INUM:      738 PC: 0x0842 REG: 4 VALUE: 0x0180
INUM:      739 PC: 0x0844 REG: 0 VALUE: 0x0000
INUM:      740 PC: 0x0846 REG: 0 VALUE: 0x6000
INUM:      741 PC: 0x0848 REG: 1 VALUE: 0x0000
INUM:      742 PC: 0x084a REG: 1 VALUE: 0x0008 ADDR: 0x0008 VALUE: 0x0180
INUM:      743 PC: 0x084c REG: 1 VALUE: 0x0200
INUM:      744 PC: 0x084e REG: 4 VALUE: 0x00c0
INUM:      745 PC: 0x0850 REG: 6 VALUE: 0x0400
INUM:      746 PC: 0x0852 REG: 4 VALUE: 0x0000
INUM:      747 PC: 0x0854 REG: 0 VALUE: 0x6000
INUM:      748 PC: 0x0856 ADDR: 0x600c VALUE: 0x0000
INUM:      749 PC: 0x0858 REG: 3 VALUE: 0x600c
INUM:      750 PC: 0x085a REG: 5 VALUE: 0x0000
INUM:      751 PC: 0x085c REG: 0 VALUE: 0x6000
INUM:      752 PC: 0x085e ADDR: 0x600c VALUE: 0x0400
INUM:      753 PC: 0x0860 REG: 2 VALUE: 0x0000
INUM:      754 PC: 0x0862 ADDR: 0x0008 VALUE: 0x0006
INUM:      755 PC: 0x0864 REG: 4 VALUE: 0x0001
INUM:      756 PC: 0x0866 REG: 7 VALUE: 0x0000
INUM:      757 PC: 0x0868 REG: 3 VALUE: 0x0200
INUM:      758 PC: 0x086a REG: 4 VALUE: 0x0000
INUM:      759 PC: 0x086c REG: 1 VALUE: 0x0200
INUM:      760 PC: 0x086e
