SIMLOG:: Cycle           4 PC: 00000000 I: 00000000 R: 0   0 00000000 M: 0 0 00000000 00000000
SIMLOG:: Cycle           5 PC: 00000000 I: 00000000 R: 0   0 00000000 M: 0 0 00000000 00000000
SIMLOG:: Cycle           6 PC: 00000000 I: 00000000 R: 0   0 00000000 M: 0 0 00000000 00000000
SIMLOG:: Cycle           7 PC: 00000000 I: 00000000 R: 0   0 00000000 M: 0 0 00000000 00000000
SIMLOG:: Cycle           8 PC: 00000000 I: 00000000 R: 0   0 00000000 M: 0 0 00000000 00000000
SIMLOG:: Cycle           9 PC: 00000000 I: 00000000 R: 0   0 00000000 M: 0 0 00000000 00000000
SIMLOG:: Cycle          10 PC: 00000000 I: 0000c164 R: 0   0 00000000 M: 0 0 00000000 00000000
SIMLOG:: Cycle          11 PC: 00000000 I: 0000c164 R: 0   0 00000000 M: 0 0 00000000 00000000
SIMLOG:: Cycle          12 PC: 00000002 I: 0000c216 R: 0   0 00000000 M: 0 0 00000000 00000000
SIMLOG:: Cycle          13 PC: 00000004 I: 0000c31f R: 0   0 00000000 M: 0 0 00000000 00000000
SIMLOG:: Cycle          14 PC: 00000006 I: 0000da70 R: 0   0 00000000 M: 0 0 00000064 00000000
SIMLOG:: Cycle          15 PC: 00000008 I: 00000000 R: 1   1 00000064 M: 0 0 00000016 00000000
SIMLOG:: Cycle          16 PC: 00000008 I: 00000000 R: 1   2 00000016 M: 0 0 0000001f 00000000
SIMLOG:: Cycle          17 PC: 00000008 I: 00000000 R: 1   3 0000001f M: 0 0 00000035 0000001f
SIMLOG:: Cycle          18 PC: 00000008 I: 00000000 R: 1   4 00000035 M: 0 0 00000000 00000000
SIMLOG:: Cycle          19 PC: 00000008 I: 00000000 R: 0   0 00000000 M: 0 0 00000000 00000000
SIMLOG:: Cycle          20 PC: 00000008 I: 00000000 R: 0   0 00000000 M: 0 0 00000000 00000000
SIMLOG:: Cycle          21 PC: 00000008 I: 00004ab6 R: 0   0 00000000 M: 0 0 00000000 00000000
SIMLOG:: Cycle          22 PC: 00000008 I: 00004ab6 R: 0   0 00000000 M: 0 0 00000000 00000000
SIMLOG:: Cycle          23 PC: 0000000a I: 0000650e R: 0   0 00000000 M: 0 0 00000000 00000000
SIMLOG:: Cycle          24 PC: 0000000c I: 00000000 R: 0   0 00000000 M: 0 0 00000000 00000000
SIMLOG:: Cycle          25 PC: 0000000c I: 00000000 R: 0   0 00000000 M: 0 0 0000ffe0 00000000
SIMLOG:: Cycle          26 PC: 0000000c I: 00000000 R: 1   5 0000ffe0 M: 0 0 0000ffe0 00000000
SIMLOG:: Cycle          27 PC: 0000000c I: 00000000 R: 0   0 0000ffe0 M: 0 0 00000000 00000000
SIMLOG:: Cycle          28 PC: 0000000c I: 00000000 R: 0   0 00000000 M: 0 0 00000000 00000000
SIMLOG:: Cycle          29 PC: 0000000e I: 0000c41e R: 0   0 00000000 M: 0 0 00000000 00000000
SIMLOG:: Cycle          30 PC: 00000010 I: 00000000 R: 0   0 00000000 M: 0 0 00000000 00000000
SIMLOG:: Cycle          31 PC: 00000010 I: 00000000 R: 0   0 00000000 M: 0 0 00000000 00000000
SIMLOG:: Cycle          32 PC: 00000010 I: 00000000 R: 0   0 00000000 M: 0 0 0000001e 00000000
SIMLOG:: Processor halted

SIMLOG:: sim_cycles          32

SIMLOG:: inst_count           6

SIMLOG:: dcachehit_count           0

SIMLOG:: icachehit_count          12

SIMLOG:: dcachereq_count           0

SIMLOG:: icachereq_count          14

