/u/s/i/sinclair/courses/cs552/spring2022/handouts/testprograms/public/rand_final/ldld_rand_large.asm SUCCESS CPI:2.6 CYCLES:2728 ICOUNT:1035 IHITRATE: 99.8 DHITRATE: 96.9
/u/s/i/sinclair/courses/cs552/spring2022/handouts/testprograms/public/rand_final/ldld_rand_small.asm SUCCESS CPI:2.6 CYCLES:2728 ICOUNT:1035 IHITRATE: 99.8 DHITRATE: 96.9
/u/s/i/sinclair/courses/cs552/spring2022/handouts/testprograms/public/rand_final/ldst_rand_large.asm RELAX-PASS
/u/s/i/sinclair/courses/cs552/spring2022/handouts/testprograms/public/rand_final/ldst_rand_small.asm RELAX-PASS
/u/s/i/sinclair/courses/cs552/spring2022/handouts/testprograms/public/rand_final/t_100_all.asm SUCCESS CPI:4.6 CYCLES:1492 ICOUNT:321 IHITRATE: 79.8 DHITRATE: 77.1
/u/s/i/sinclair/courses/cs552/spring2022/handouts/testprograms/public/rand_final/t_100_ctrl.asm SUCCESS CPI:4.6 CYCLES:2868 ICOUNT:619 IHITRATE: 79.2 DHITRATE: 82.0
/u/s/i/sinclair/courses/cs552/spring2022/handouts/testprograms/public/rand_final/t_100_icache.asm SUCCESS CPI:60.5 CYCLES:1210 ICOUNT:20 IHITRATE: 72.4 DHITRATE: 0
/u/s/i/sinclair/courses/cs552/spring2022/handouts/testprograms/public/rand_final/t_100_idcache.asm FAILED
/u/s/i/sinclair/courses/cs552/spring2022/handouts/testprograms/public/rand_final/t_100_mem.asm SUCCESS CPI:4.4 CYCLES:6197 ICOUNT:1415 IHITRATE: 81.6 DHITRATE: 94.7
/u/s/i/sinclair/courses/cs552/spring2022/handouts/testprograms/public/rand_final/t_101_all.asm SUCCESS CPI:4.3 CYCLES:1870 ICOUNT:431 IHITRATE: 79.9 DHITRATE: 77.8
/u/s/i/sinclair/courses/cs552/spring2022/handouts/testprograms/public/rand_final/t_101_ctrl.asm SUCCESS CPI:4.3 CYCLES:3470 ICOUNT:807 IHITRATE: 79.4 DHITRATE: 83.7
/u/s/i/sinclair/courses/cs552/spring2022/handouts/testprograms/public/rand_final/t_101_icache.asm SUCCESS CPI:33.6 CYCLES:1412 ICOUNT:42 IHITRATE: 75.4 DHITRATE: 0
/u/s/i/sinclair/courses/cs552/spring2022/handouts/testprograms/public/rand_final/t_101_idcache.asm SUCCESS CPI:8.3 CYCLES:3420 ICOUNT:413 IHITRATE: 93.9 DHITRATE: 60.6
/u/s/i/sinclair/courses/cs552/spring2022/handouts/testprograms/public/rand_final/t_101_mem.asm SUCCESS CPI:4.4 CYCLES:6231 ICOUNT:1406 IHITRATE: 81.5 DHITRATE: 95.0
/u/s/i/sinclair/courses/cs552/spring2022/handouts/testprograms/public/rand_final/t_102_all.asm SUCCESS CPI:4.4 CYCLES:1553 ICOUNT:354 IHITRATE: 79.9 DHITRATE: 72.1
/u/s/i/sinclair/courses/cs552/spring2022/handouts/testprograms/public/rand_final/t_102_ctrl.asm SUCCESS CPI:4.3 CYCLES:3489 ICOUNT:817 IHITRATE: 79.6 DHITRATE: 79.4
/u/s/i/sinclair/courses/cs552/spring2022/handouts/testprograms/public/rand_final/t_102_icache.asm SUCCESS CPI:25.7 CYCLES:1542 ICOUNT:60 IHITRATE: 75.2 DHITRATE: 0
/u/s/i/sinclair/courses/cs552/spring2022/handouts/testprograms/public/rand_final/t_102_idcache.asm FAILED
/u/s/i/sinclair/courses/cs552/spring2022/handouts/testprograms/public/rand_final/t_102_mem.asm SUCCESS CPI:4.2 CYCLES:6372 ICOUNT:1507 IHITRATE: 80.8 DHITRATE: 96.6
/u/s/i/sinclair/courses/cs552/spring2022/handouts/testprograms/public/rand_final/t_103_all.asm SUCCESS CPI:4.1 CYCLES:1818 ICOUNT:443 IHITRATE: 79.4 DHITRATE: 70.3
/u/s/i/sinclair/courses/cs552/spring2022/handouts/testprograms/public/rand_final/t_103_ctrl.asm SUCCESS CPI:4.3 CYCLES:3393 ICOUNT:784 IHITRATE: 79.6 DHITRATE: 81.0
/u/s/i/sinclair/courses/cs552/spring2022/handouts/testprograms/public/rand_final/t_103_icache.asm SUCCESS CPI:12.8 CYCLES:1583 ICOUNT:124 IHITRATE: 73.3 DHITRATE: 0
/u/s/i/sinclair/courses/cs552/spring2022/handouts/testprograms/public/rand_final/t_103_idcache.asm SUCCESS CPI:8.8 CYCLES:3278 ICOUNT:374 IHITRATE: 93.7 DHITRATE: 61.2
/u/s/i/sinclair/courses/cs552/spring2022/handouts/testprograms/public/rand_final/t_103_mem.asm SUCCESS CPI:4.3 CYCLES:6220 ICOUNT:1451 IHITRATE: 80.8 DHITRATE: 97.4
/u/s/i/sinclair/courses/cs552/spring2022/handouts/testprograms/public/rand_final/t_104_all.asm SUCCESS CPI:4.1 CYCLES:1816 ICOUNT:445 IHITRATE: 79.7 DHITRATE: 73.0
/u/s/i/sinclair/courses/cs552/spring2022/handouts/testprograms/public/rand_final/t_104_ctrl.asm SUCCESS CPI:4.4 CYCLES:3219 ICOUNT:736 IHITRATE: 79.7 DHITRATE: 78.2
/u/s/i/sinclair/courses/cs552/spring2022/handouts/testprograms/public/rand_final/t_104_icache.asm SUCCESS CPI:25.7 CYCLES:1206 ICOUNT:47 IHITRATE: 75.6 DHITRATE: 0
/u/s/i/sinclair/courses/cs552/spring2022/handouts/testprograms/public/rand_final/t_104_idcache.asm SUCCESS CPI:10.2 CYCLES:3165 ICOUNT:311 IHITRATE: 94.1 DHITRATE: 55.9
/u/s/i/sinclair/courses/cs552/spring2022/handouts/testprograms/public/rand_final/t_104_mem.asm SUCCESS CPI:4.3 CYCLES:6488 ICOUNT:1521 IHITRATE: 81.3 DHITRATE: 96.2
/u/s/i/sinclair/courses/cs552/spring2022/handouts/testprograms/public/rand_final/t_105_all.asm SUCCESS CPI:4.3 CYCLES:1887 ICOUNT:443 IHITRATE: 80.5 DHITRATE: 71.8
/u/s/i/sinclair/courses/cs552/spring2022/handouts/testprograms/public/rand_final/t_105_ctrl.asm SUCCESS CPI:4.4 CYCLES:3368 ICOUNT:774 IHITRATE: 79.4 DHITRATE: 77.3
/u/s/i/sinclair/courses/cs552/spring2022/handouts/testprograms/public/rand_final/t_105_icache.asm SUCCESS CPI:17.4 CYCLES:1302 ICOUNT:75 IHITRATE: 75.4 DHITRATE: 0
/u/s/i/sinclair/courses/cs552/spring2022/handouts/testprograms/public/rand_final/t_105_idcache.asm SUCCESS CPI:9.6 CYCLES:3208 ICOUNT:335 IHITRATE: 93.7 DHITRATE: 56.3
/u/s/i/sinclair/courses/cs552/spring2022/handouts/testprograms/public/rand_final/t_105_mem.asm FAILED
/u/s/i/sinclair/courses/cs552/spring2022/handouts/testprograms/public/rand_final/t_106_all.asm SUCCESS CPI:4.3 CYCLES:1965 ICOUNT:453 IHITRATE: 78.5 DHITRATE: 77.4
/u/s/i/sinclair/courses/cs552/spring2022/handouts/testprograms/public/rand_final/t_106_ctrl.asm SUCCESS CPI:4.2 CYCLES:3310 ICOUNT:782 IHITRATE: 79.9 DHITRATE: 78.9
/u/s/i/sinclair/courses/cs552/spring2022/handouts/testprograms/public/rand_final/t_106_icache.asm SUCCESS CPI:38.0 CYCLES:1444 ICOUNT:38 IHITRATE: 74.6 DHITRATE: 0
/u/s/i/sinclair/courses/cs552/spring2022/handouts/testprograms/public/rand_final/t_106_idcache.asm SUCCESS CPI:10.1 CYCLES:3295 ICOUNT:326 IHITRATE: 93.5 DHITRATE: 57.7
/u/s/i/sinclair/courses/cs552/spring2022/handouts/testprograms/public/rand_final/t_106_mem.asm FAILED
/u/s/i/sinclair/courses/cs552/spring2022/handouts/testprograms/public/rand_final/t_107_all.asm SUCCESS CPI:4.2 CYCLES:1752 ICOUNT:415 IHITRATE: 80.0 DHITRATE: 74.4
/u/s/i/sinclair/courses/cs552/spring2022/handouts/testprograms/public/rand_final/t_107_ctrl.asm SUCCESS CPI:4.3 CYCLES:3283 ICOUNT:760 IHITRATE: 79.7 DHITRATE: 81.2
/u/s/i/sinclair/courses/cs552/spring2022/handouts/testprograms/public/rand_final/t_107_icache.asm SUCCESS CPI:24.8 CYCLES:1289 ICOUNT:52 IHITRATE: 74.1 DHITRATE: 0
/u/s/i/sinclair/courses/cs552/spring2022/handouts/testprograms/public/rand_final/t_107_idcache.asm FAILED
/u/s/i/sinclair/courses/cs552/spring2022/handouts/testprograms/public/rand_final/t_107_mem.asm RELAX-PASS
/u/s/i/sinclair/courses/cs552/spring2022/handouts/testprograms/public/rand_final/t_108_all.asm SUCCESS CPI:4.0 CYCLES:1796 ICOUNT:451 IHITRATE: 80.0 DHITRATE: 74.0
/u/s/i/sinclair/courses/cs552/spring2022/handouts/testprograms/public/rand_final/t_108_ctrl.asm SUCCESS CPI:4.3 CYCLES:3405 ICOUNT:799 IHITRATE: 79.3 DHITRATE: 81.6
/u/s/i/sinclair/courses/cs552/spring2022/handouts/testprograms/public/rand_final/t_108_icache.asm SUCCESS CPI:38.8 CYCLES:1086 ICOUNT:28 IHITRATE: 74.4 DHITRATE: 0
/u/s/i/sinclair/courses/cs552/spring2022/handouts/testprograms/public/rand_final/t_108_idcache.asm FAILED
/u/s/i/sinclair/courses/cs552/spring2022/handouts/testprograms/public/rand_final/t_108_mem.asm SUCCESS CPI:4.2 CYCLES:6460 ICOUNT:1525 IHITRATE: 81.4 DHITRATE: 95.1
/u/s/i/sinclair/courses/cs552/spring2022/handouts/testprograms/public/rand_final/t_109_all.asm SUCCESS CPI:4.5 CYCLES:1437 ICOUNT:322 IHITRATE: 79.0 DHITRATE: 85.7
/u/s/i/sinclair/courses/cs552/spring2022/handouts/testprograms/public/rand_final/t_109_ctrl.asm SUCCESS CPI:4.3 CYCLES:3476 ICOUNT:805 IHITRATE: 79.5 DHITRATE: 88.0
/u/s/i/sinclair/courses/cs552/spring2022/handouts/testprograms/public/rand_final/t_109_icache.asm SUCCESS CPI:28.0 CYCLES:1374 ICOUNT:49 IHITRATE: 76.2 DHITRATE: 0
/u/s/i/sinclair/courses/cs552/spring2022/handouts/testprograms/public/rand_final/t_109_idcache.asm SUCCESS CPI:9.6 CYCLES:3334 ICOUNT:347 IHITRATE: 94.1 DHITRATE: 54.8
/u/s/i/sinclair/courses/cs552/spring2022/handouts/testprograms/public/rand_final/t_109_mem.asm FAILED
/u/s/i/sinclair/courses/cs552/spring2022/handouts/testprograms/public/rand_final/t_10_mem.asm SUCCESS CPI:4.2 CYCLES:6566 ICOUNT:1545 IHITRATE: 81.0 DHITRATE: 96.5
/u/s/i/sinclair/courses/cs552/spring2022/handouts/testprograms/public/rand_final/t_110_all.asm SUCCESS CPI:4.2 CYCLES:1822 ICOUNT:436 IHITRATE: 79.3 DHITRATE: 86.7
/u/s/i/sinclair/courses/cs552/spring2022/handouts/testprograms/public/rand_final/t_110_ctrl.asm SUCCESS CPI:4.1 CYCLES:3575 ICOUNT:865 IHITRATE: 79.2 DHITRATE: 83.3
/u/s/i/sinclair/courses/cs552/spring2022/handouts/testprograms/public/rand_final/t_110_icache.asm SUCCESS CPI:52.7 CYCLES:1476 ICOUNT:28 IHITRATE: 72.2 DHITRATE: 0
/u/s/i/sinclair/courses/cs552/spring2022/handouts/testprograms/public/rand_final/t_110_idcache.asm FAILED
/u/s/i/sinclair/courses/cs552/spring2022/handouts/testprograms/public/rand_final/t_110_mem.asm FAILED
/u/s/i/sinclair/courses/cs552/spring2022/handouts/testprograms/public/rand_final/t_111_all.asm SUCCESS CPI:4.6 CYCLES:1756 ICOUNT:382 IHITRATE: 79.2 DHITRATE: 79.2
/u/s/i/sinclair/courses/cs552/spring2022/handouts/testprograms/public/rand_final/t_111_ctrl.asm SUCCESS CPI:4.3 CYCLES:3698 ICOUNT:868 IHITRATE: 79.6 DHITRATE: 79.4
/u/s/i/sinclair/courses/cs552/spring2022/handouts/testprograms/public/rand_final/t_111_icache.asm SUCCESS CPI:33.4 CYCLES:1335 ICOUNT:40 IHITRATE: 73.1 DHITRATE: 0
/u/s/i/sinclair/courses/cs552/spring2022/handouts/testprograms/public/rand_final/t_111_idcache.asm SUCCESS CPI:9.2 CYCLES:3602 ICOUNT:392 IHITRATE: 94.0 DHITRATE: 54.9
/u/s/i/sinclair/courses/cs552/spring2022/handouts/testprograms/public/rand_final/t_111_mem.asm SUCCESS CPI:4.4 CYCLES:6092 ICOUNT:1393 IHITRATE: 81.6 DHITRATE: 94.3
/u/s/i/sinclair/courses/cs552/spring2022/handouts/testprograms/public/rand_final/t_112_all.asm SUCCESS CPI:4.4 CYCLES:1598 ICOUNT:361 IHITRATE: 79.3 DHITRATE: 72.5
/u/s/i/sinclair/courses/cs552/spring2022/handouts/testprograms/public/rand_final/t_112_ctrl.asm SUCCESS CPI:4.4 CYCLES:3170 ICOUNT:727 IHITRATE: 79.9 DHITRATE: 76.8
/u/s/i/sinclair/courses/cs552/spring2022/handouts/testprograms/public/rand_final/t_112_icache.asm SUCCESS CPI:13.8 CYCLES:1364 ICOUNT:99 IHITRATE: 74.1 DHITRATE: 0
/u/s/i/sinclair/courses/cs552/spring2022/handouts/testprograms/public/rand_final/t_112_idcache.asm FAILED
/u/s/i/sinclair/courses/cs552/spring2022/handouts/testprograms/public/rand_final/t_112_mem.asm SUCCESS CPI:4.4 CYCLES:5741 ICOUNT:1292 IHITRATE: 81.0 DHITRATE: 97.5
/u/s/i/sinclair/courses/cs552/spring2022/handouts/testprograms/public/rand_final/t_113_all.asm SUCCESS CPI:4.4 CYCLES:1450 ICOUNT:332 IHITRATE: 79.8 DHITRATE: 81.4
/u/s/i/sinclair/courses/cs552/spring2022/handouts/testprograms/public/rand_final/t_113_ctrl.asm SUCCESS CPI:4.4 CYCLES:3204 ICOUNT:724 IHITRATE: 79.8 DHITRATE: 79.6
/u/s/i/sinclair/courses/cs552/spring2022/handouts/testprograms/public/rand_final/t_113_icache.asm SUCCESS CPI:18.7 CYCLES:1736 ICOUNT:93 IHITRATE: 74.2 DHITRATE: 0
/u/s/i/sinclair/courses/cs552/spring2022/handouts/testprograms/public/rand_final/t_113_idcache.asm FAILED
/u/s/i/sinclair/courses/cs552/spring2022/handouts/testprograms/public/rand_final/t_113_mem.asm SUCCESS CPI:4.3 CYCLES:6320 ICOUNT:1475 IHITRATE: 81.3 DHITRATE: 96.4
/u/s/i/sinclair/courses/cs552/spring2022/handouts/testprograms/public/rand_final/t_114_all.asm SUCCESS CPI:3.7 CYCLES:2176 ICOUNT:587 IHITRATE: 80.3 DHITRATE: 78.4
/u/s/i/sinclair/courses/cs552/spring2022/handouts/testprograms/public/rand_final/t_114_ctrl.asm SUCCESS CPI:4.2 CYCLES:3520 ICOUNT:840 IHITRATE: 79.7 DHITRATE: 89.7
/u/s/i/sinclair/courses/cs552/spring2022/handouts/testprograms/public/rand_final/t_114_icache.asm SUCCESS CPI:32.2 CYCLES:1288 ICOUNT:40 IHITRATE: 75.7 DHITRATE: 0
/u/s/i/sinclair/courses/cs552/spring2022/handouts/testprograms/public/rand_final/t_114_idcache.asm FAILED
/u/s/i/sinclair/courses/cs552/spring2022/handouts/testprograms/public/rand_final/t_114_mem.asm SUCCESS CPI:4.2 CYCLES:6069 ICOUNT:1432 IHITRATE: 80.8 DHITRATE: 96.3
/u/s/i/sinclair/courses/cs552/spring2022/handouts/testprograms/public/rand_final/t_115_all.asm SUCCESS CPI:4.2 CYCLES:1841 ICOUNT:439 IHITRATE: 79.7 DHITRATE: 81.8
/u/s/i/sinclair/courses/cs552/spring2022/handouts/testprograms/public/rand_final/t_115_ctrl.asm SUCCESS CPI:4.2 CYCLES:3557 ICOUNT:845 IHITRATE: 79.8 DHITRATE: 79.8
/u/s/i/sinclair/courses/cs552/spring2022/handouts/testprograms/public/rand_final/t_115_icache.asm SUCCESS CPI:19.7 CYCLES:1200 ICOUNT:61 IHITRATE: 74.8 DHITRATE: 0
/u/s/i/sinclair/courses/cs552/spring2022/handouts/testprograms/public/rand_final/t_115_idcache.asm FAILED
/u/s/i/sinclair/courses/cs552/spring2022/handouts/testprograms/public/rand_final/t_115_mem.asm FAILED
/u/s/i/sinclair/courses/cs552/spring2022/handouts/testprograms/public/rand_final/t_116_all.asm SUCCESS CPI:3.8 CYCLES:2163 ICOUNT:563 IHITRATE: 79.6 DHITRATE: 80.0
/u/s/i/sinclair/courses/cs552/spring2022/handouts/testprograms/public/rand_final/t_116_ctrl.asm SUCCESS CPI:3.9 CYCLES:4088 ICOUNT:1048 IHITRATE: 79.8 DHITRATE: 84.3
/u/s/i/sinclair/courses/cs552/spring2022/handouts/testprograms/public/rand_final/t_116_icache.asm SUCCESS CPI:17.3 CYCLES:1578 ICOUNT:91 IHITRATE: 74.4 DHITRATE: 0
/u/s/i/sinclair/courses/cs552/spring2022/handouts/testprograms/public/rand_final/t_116_idcache.asm FAILED
/u/s/i/sinclair/courses/cs552/spring2022/handouts/testprograms/public/rand_final/t_116_mem.asm FAILED
/u/s/i/sinclair/courses/cs552/spring2022/handouts/testprograms/public/rand_final/t_117_all.asm SUCCESS CPI:4.2 CYCLES:1910 ICOUNT:457 IHITRATE: 80.0 DHITRATE: 74.6
/u/s/i/sinclair/courses/cs552/spring2022/handouts/testprograms/public/rand_final/t_117_ctrl.asm SUCCESS CPI:4.2 CYCLES:3655 ICOUNT:867 IHITRATE: 80.1 DHITRATE: 76.7
/u/s/i/sinclair/courses/cs552/spring2022/handouts/testprograms/public/rand_final/t_117_icache.asm SUCCESS CPI:16.1 CYCLES:1416 ICOUNT:88 IHITRATE: 76.8 DHITRATE: 0
/u/s/i/sinclair/courses/cs552/spring2022/handouts/testprograms/public/rand_final/t_117_idcache.asm FAILED
/u/s/i/sinclair/courses/cs552/spring2022/handouts/testprograms/public/rand_final/t_117_mem.asm SUCCESS CPI:4.2 CYCLES:6548 ICOUNT:1547 IHITRATE: 81.0 DHITRATE: 96.0
/u/s/i/sinclair/courses/cs552/spring2022/handouts/testprograms/public/rand_final/t_118_all.asm SUCCESS CPI:4.1 CYCLES:2096 ICOUNT:507 IHITRATE: 80.0 DHITRATE: 75.8
/u/s/i/sinclair/courses/cs552/spring2022/handouts/testprograms/public/rand_final/t_118_ctrl.asm SUCCESS CPI:4.3 CYCLES:3243 ICOUNT:762 IHITRATE: 79.9 DHITRATE: 78.2
/u/s/i/sinclair/courses/cs552/spring2022/handouts/testprograms/public/rand_final/t_118_icache.asm SUCCESS CPI:50.7 CYCLES:1318 ICOUNT:26 IHITRATE: 75.5 DHITRATE: 0
/u/s/i/sinclair/courses/cs552/spring2022/handouts/testprograms/public/rand_final/t_118_idcache.asm SUCCESS CPI:9.7 CYCLES:3134 ICOUNT:323 IHITRATE: 94.0 DHITRATE: 56.3
/u/s/i/sinclair/courses/cs552/spring2022/handouts/testprograms/public/rand_final/t_118_mem.asm SUCCESS CPI:4.4 CYCLES:5950 ICOUNT:1346 IHITRATE: 81.0 DHITRATE: 96.9
/u/s/i/sinclair/courses/cs552/spring2022/handouts/testprograms/public/rand_final/t_119_all.asm SUCCESS CPI:4.2 CYCLES:1710 ICOUNT:409 IHITRATE: 80.6 DHITRATE: 76.6
/u/s/i/sinclair/courses/cs552/spring2022/handouts/testprograms/public/rand_final/t_119_ctrl.asm SUCCESS CPI:4.3 CYCLES:3174 ICOUNT:735 IHITRATE: 80.0 DHITRATE: 78.5
/u/s/i/sinclair/courses/cs552/spring2022/handouts/testprograms/public/rand_final/t_119_icache.asm SUCCESS CPI:34.6 CYCLES:1038 ICOUNT:30 IHITRATE: 71.8 DHITRATE: 0
/u/s/i/sinclair/courses/cs552/spring2022/handouts/testprograms/public/rand_final/t_119_idcache.asm SUCCESS CPI:11.6 CYCLES:1560 ICOUNT:135 IHITRATE: 79.8 DHITRATE: 55.8
/u/s/i/sinclair/courses/cs552/spring2022/handouts/testprograms/public/rand_final/t_119_mem.asm SUCCESS CPI:4.2 CYCLES:6526 ICOUNT:1546 IHITRATE: 81.4 DHITRATE: 94.3
/u/s/i/sinclair/courses/cs552/spring2022/handouts/testprograms/public/rand_final/t_11_mem.asm SUCCESS CPI:4.3 CYCLES:6681 ICOUNT:1555 IHITRATE: 81.7 DHITRATE: 93.6
/u/s/i/sinclair/courses/cs552/spring2022/handouts/testprograms/public/rand_final/t_120_all.asm SUCCESS CPI:4.6 CYCLES:1747 ICOUNT:381 IHITRATE: 79.6 DHITRATE: 83.9
/u/s/i/sinclair/courses/cs552/spring2022/handouts/testprograms/public/rand_final/t_120_ctrl.asm SUCCESS CPI:4.1 CYCLES:3541 ICOUNT:864 IHITRATE: 79.8 DHITRATE: 81.6
/u/s/i/sinclair/courses/cs552/spring2022/handouts/testprograms/public/rand_final/t_120_icache.asm SUCCESS CPI:42.5 CYCLES:1402 ICOUNT:33 IHITRATE: 74.4 DHITRATE: 0
/u/s/i/sinclair/courses/cs552/spring2022/handouts/testprograms/public/rand_final/t_120_idcache.asm FAILED
/u/s/i/sinclair/courses/cs552/spring2022/handouts/testprograms/public/rand_final/t_120_mem.asm SUCCESS CPI:4.3 CYCLES:6269 ICOUNT:1450 IHITRATE: 80.9 DHITRATE: 96.5
/u/s/i/sinclair/courses/cs552/spring2022/handouts/testprograms/public/rand_final/t_121_all.asm SUCCESS CPI:4.6 CYCLES:1464 ICOUNT:318 IHITRATE: 79.2 DHITRATE: 74.2
/u/s/i/sinclair/courses/cs552/spring2022/handouts/testprograms/public/rand_final/t_122_all.asm SUCCESS CPI:4.4 CYCLES:1417 ICOUNT:324 IHITRATE: 79.7 DHITRATE: 76.5
/u/s/i/sinclair/courses/cs552/spring2022/handouts/testprograms/public/rand_final/t_123_all.asm SUCCESS CPI:4.1 CYCLES:2044 ICOUNT:500 IHITRATE: 79.3 DHITRATE: 73.1
/u/s/i/sinclair/courses/cs552/spring2022/handouts/testprograms/public/rand_final/t_124_all.asm SUCCESS CPI:4.0 CYCLES:1434 ICOUNT:362 IHITRATE: 80.3 DHITRATE: 74.3
/u/s/i/sinclair/courses/cs552/spring2022/handouts/testprograms/public/rand_final/t_125_all.asm SUCCESS CPI:4.3 CYCLES:2113 ICOUNT:496 IHITRATE: 80.6 DHITRATE: 69.0
/u/s/i/sinclair/courses/cs552/spring2022/handouts/testprograms/public/rand_final/t_126_all.asm SUCCESS CPI:3.9 CYCLES:2350 ICOUNT:609 IHITRATE: 80.8 DHITRATE: 68.3
/u/s/i/sinclair/courses/cs552/spring2022/handouts/testprograms/public/rand_final/t_127_all.asm SUCCESS CPI:4.1 CYCLES:1835 ICOUNT:451 IHITRATE: 79.0 DHITRATE: 78.6
/u/s/i/sinclair/courses/cs552/spring2022/handouts/testprograms/public/rand_final/t_128_all.asm SUCCESS CPI:4.4 CYCLES:1885 ICOUNT:427 IHITRATE: 79.2 DHITRATE: 73.8
/u/s/i/sinclair/courses/cs552/spring2022/handouts/testprograms/public/rand_final/t_129_all.asm SUCCESS CPI:4.3 CYCLES:1857 ICOUNT:429 IHITRATE: 81.3 DHITRATE: 76.2
/u/s/i/sinclair/courses/cs552/spring2022/handouts/testprograms/public/rand_final/t_12_mem.asm SUCCESS CPI:4.4 CYCLES:6194 ICOUNT:1415 IHITRATE: 81.0 DHITRATE: 96.7
/u/s/i/sinclair/courses/cs552/spring2022/handouts/testprograms/public/rand_final/t_130_all.asm SUCCESS CPI:3.8 CYCLES:2411 ICOUNT:642 IHITRATE: 80.0 DHITRATE: 77.5
/u/s/i/sinclair/courses/cs552/spring2022/handouts/testprograms/public/rand_final/t_131_all.asm SUCCESS CPI:4.0 CYCLES:2142 ICOUNT:539 IHITRATE: 79.6 DHITRATE: 85.7
/u/s/i/sinclair/courses/cs552/spring2022/handouts/testprograms/public/rand_final/t_132_all.asm SUCCESS CPI:4.0 CYCLES:1871 ICOUNT:472 IHITRATE: 79.9 DHITRATE: 73.5
/u/s/i/sinclair/courses/cs552/spring2022/handouts/testprograms/public/rand_final/t_133_all.asm SUCCESS CPI:3.9 CYCLES:1747 ICOUNT:446 IHITRATE: 80.7 DHITRATE: 72.2
/u/s/i/sinclair/courses/cs552/spring2022/handouts/testprograms/public/rand_final/t_134_all.asm SUCCESS CPI:3.9 CYCLES:1864 ICOUNT:479 IHITRATE: 80.8 DHITRATE: 75.9
/u/s/i/sinclair/courses/cs552/spring2022/handouts/testprograms/public/rand_final/t_135_all.asm SUCCESS CPI:3.8 CYCLES:2306 ICOUNT:601 IHITRATE: 80.0 DHITRATE: 74.3
/u/s/i/sinclair/courses/cs552/spring2022/handouts/testprograms/public/rand_final/t_136_all.asm SUCCESS CPI:4.3 CYCLES:1776 ICOUNT:413 IHITRATE: 79.4 DHITRATE: 76.5
/u/s/i/sinclair/courses/cs552/spring2022/handouts/testprograms/public/rand_final/t_137_all.asm SUCCESS CPI:3.8 CYCLES:2059 ICOUNT:540 IHITRATE: 79.7 DHITRATE: 74.5
/u/s/i/sinclair/courses/cs552/spring2022/handouts/testprograms/public/rand_final/t_138_all.asm SUCCESS CPI:3.9 CYCLES:2401 ICOUNT:614 IHITRATE: 80.8 DHITRATE: 79.2
/u/s/i/sinclair/courses/cs552/spring2022/handouts/testprograms/public/rand_final/t_139_all.asm SUCCESS CPI:4.5 CYCLES:1660 ICOUNT:368 IHITRATE: 78.7 DHITRATE: 67.6
/u/s/i/sinclair/courses/cs552/spring2022/handouts/testprograms/public/rand_final/t_13_mem.asm FAILED
/u/s/i/sinclair/courses/cs552/spring2022/handouts/testprograms/public/rand_final/t_140_all.asm SUCCESS CPI:4.1 CYCLES:1648 ICOUNT:405 IHITRATE: 79.2 DHITRATE: 73.8
/u/s/i/sinclair/courses/cs552/spring2022/handouts/testprograms/public/rand_final/t_141_all.asm SUCCESS CPI:3.8 CYCLES:1851 ICOUNT:484 IHITRATE: 80.0 DHITRATE: 86.5
/u/s/i/sinclair/courses/cs552/spring2022/handouts/testprograms/public/rand_final/t_142_all.asm SUCCESS CPI:4.0 CYCLES:1573 ICOUNT:392 IHITRATE: 79.8 DHITRATE: 78.9
/u/s/i/sinclair/courses/cs552/spring2022/handouts/testprograms/public/rand_final/t_143_all.asm SUCCESS CPI:3.8 CYCLES:1926 ICOUNT:509 IHITRATE: 79.6 DHITRATE: 77.3
/u/s/i/sinclair/courses/cs552/spring2022/handouts/testprograms/public/rand_final/t_144_all.asm SUCCESS CPI:4.4 CYCLES:1900 ICOUNT:433 IHITRATE: 78.4 DHITRATE: 71.4
/u/s/i/sinclair/courses/cs552/spring2022/handouts/testprograms/public/rand_final/t_145_all.asm SUCCESS CPI:4.1 CYCLES:1795 ICOUNT:437 IHITRATE: 80.2 DHITRATE: 73.5
/u/s/i/sinclair/courses/cs552/spring2022/handouts/testprograms/public/rand_final/t_146_all.asm SUCCESS CPI:3.9 CYCLES:2362 ICOUNT:604 IHITRATE: 80.4 DHITRATE: 79.2
/u/s/i/sinclair/courses/cs552/spring2022/handouts/testprograms/public/rand_final/t_147_all.asm SUCCESS CPI:4.0 CYCLES:1763 ICOUNT:441 IHITRATE: 78.8 DHITRATE: 78.9
/u/s/i/sinclair/courses/cs552/spring2022/handouts/testprograms/public/rand_final/t_148_all.asm SUCCESS CPI:4.1 CYCLES:1852 ICOUNT:449 IHITRATE: 80.3 DHITRATE: 78.8
/u/s/i/sinclair/courses/cs552/spring2022/handouts/testprograms/public/rand_final/t_149_all.asm SUCCESS CPI:4.0 CYCLES:1782 ICOUNT:451 IHITRATE: 80.7 DHITRATE: 73.7
/u/s/i/sinclair/courses/cs552/spring2022/handouts/testprograms/public/rand_final/t_14_mem.asm SUCCESS CPI:4.5 CYCLES:6090 ICOUNT:1365 IHITRATE: 81.3 DHITRATE: 94.5
/u/s/i/sinclair/courses/cs552/spring2022/handouts/testprograms/public/rand_final/t_150_all.asm SUCCESS CPI:4.1 CYCLES:2058 ICOUNT:498 IHITRATE: 80.4 DHITRATE: 80.0
/u/s/i/sinclair/courses/cs552/spring2022/handouts/testprograms/public/rand_final/t_15_mem.asm SUCCESS CPI:4.3 CYCLES:6236 ICOUNT:1446 IHITRATE: 80.7 DHITRATE: 97.1
/u/s/i/sinclair/courses/cs552/spring2022/handouts/testprograms/public/rand_final/t_16_mem.asm FAILED
/u/s/i/sinclair/courses/cs552/spring2022/handouts/testprograms/public/rand_final/t_17_mem.asm SUCCESS CPI:4.3 CYCLES:6353 ICOUNT:1491 IHITRATE: 81.3 DHITRATE: 95.9
/u/s/i/sinclair/courses/cs552/spring2022/handouts/testprograms/public/rand_final/t_18_mem.asm SUCCESS CPI:4.3 CYCLES:6056 ICOUNT:1404 IHITRATE: 81.1 DHITRATE: 95.3
/u/s/i/sinclair/courses/cs552/spring2022/handouts/testprograms/public/rand_final/t_19_mem.asm SUCCESS CPI:4.3 CYCLES:6014 ICOUNT:1385 IHITRATE: 80.9 DHITRATE: 96.2
